<?xml version="1.0" encoding="UTF-8"?>
<!-- Generated by org.testng.reporters.JUnitXMLReporter -->
<testsuite ignored="0" hostname="vm-lab21-4-372" failures="1" tests="24" name="Test" time="296.694" errors="0" timestamp="2024-10-08T11:38:29 UTC">
  <testcase classname="testCases.OurProductsTestCases" name="AdvantageAddToCart" time="13.058"/>
  <testcase classname="testCases.OurProductsTestCases" name="AdvantageFilteredProduct" time="11.618"/>
  <testcase classname="testCases.OurProductsTestCases" name="AdvantageHoverAndPrintReview" time="7.648"/>
  <testcase classname="testCases.OurProductsTestCases" name="AdvantagePlayVideoAndVerifyPlayback" time="12.522"/>
  <testcase classname="testCases.ContactSearchTestCases" name="IconsCheck" time="8.0"/>
  <testcase classname="testCases.ContactSearchTestCases" name="ContactUsCheck" time="19.205"/>
  <testcase classname="testCases.ContactSearchTestCases" name="SearchDefect" time="4.92"/>
  <testcase classname="testCases.ContactSearchTestCases" name="SearchCheck" time="18.63"/>
  <testcase classname="testCases.AboutFooterTestCases" name="testFacebookLink" time="6.282"/>
  <testcase classname="testCases.AboutFooterTestCases" name="testHelpManagementNavigation" time="0.293"/>
  <testcase classname="testCases.AboutFooterTestCases" name="testHelpVersionNavigation" time="2.364"/>
  <testcase classname="testCases.AboutFooterTestCases" name="testHelpAboutNavigation" time="6.45"/>
  <testcase classname="testCases.AccountSignInTestCases" name="testUserLinkRedirection" time="3.296"/>
  <testcase classname="testCases.AccountSignInTestCases" name="testloginandlogout" time="13.747"/>
  <testcase classname="testCases.AccountSignInTestCases" name="testCreateNewUserRedirection" time="7.305"/>
  <testcase classname="testCases.AccountSignInTestCases" name="testSignInWithFacebook" time="4.145"/>
  <testcase classname="testCases.AccountSignInTestCases" name="testCreateNewUser" time="33.593"/>
  <testcase classname="testCases.HomePageTestCases" name="testScrollAndBackToTop" time="15.51"/>
  <testcase classname="testCases.HomePageTestCases" name="testFirstProduct" time="7.932"/>
  <testcase classname="testCases.HomePageTestCases" name="testSecondProduct" time="11.913">
    <failure type="java.lang.AssertionError" message="Second product name does not match! expected [HP ELITEBOOK FOLIO] but found [HP CHROMEBOOK 14 G1(ES)]">
      <![CDATA[java.lang.AssertionError: Second product name does not match! expected [HP ELITEBOOK FOLIO] but found [HP CHROMEBOOK 14 G1(ES)]
at pages.HomePage.verifyProduct(HomePage.java:78)
at testCases.HomePageTestCases.testSecondProduct(HomePageTestCases.java:119)
at java.base/java.util.ArrayList.forEach(ArrayList.java:1511)
... Removed 32 stack frames]]>
    </failure>
  </testcase> <!-- testSecondProduct -->
  <testcase classname="testCases.HomePageTestCases" name="testThirdProduct" time="7.364"/>
  <testcase classname="testCases.HomePageTestCases" name="testExplorePages" time="22.304"/>
  <testcase classname="testCases.HomePageTestCases" name="testNavbarCoordinates" time="19.57"/>
  <testcase classname="testCases.HomePageTestCases" name="testAddToCart" time="20.503"/>
</testsuite> <!-- Test -->
