<?xml version="1.0" encoding="UTF-8"?>
<!-- Generated by org.testng.reporters.JUnitReportReporter -->
<testsuite hostname="vm-lab21-4-372" failures="1" tests="7" name="testCases.HomePageTestCases" time="105.200" errors="0" timestamp="2024-10-08T11:38:29 UTC" skipped="0">
  <testcase classname="testCases.HomePageTestCases" name="testScrollAndBackToTop" time="15.511"/>
  <testcase classname="testCases.HomePageTestCases" name="testSecondProduct" time="11.914">
    <failure message="Second product name does not match! expected [HP ELITEBOOK FOLIO] but found [HP CHROMEBOOK 14 G1(ES)]" type="java.lang.AssertionError">
      <![CDATA[java.lang.AssertionError: Second product name does not match! expected [HP ELITEBOOK FOLIO] but found [HP CHROMEBOOK 14 G1(ES)]
at org.testng.Assert.fail(Assert.java:111)
at org.testng.Assert.failNotEquals(Assert.java:1578)
at org.testng.Assert.assertEqualsImpl(Assert.java:150)
at org.testng.Assert.assertEquals(Assert.java:132)
at org.testng.Assert.assertEquals(Assert.java:656)
at pages.HomePage.verifyProduct(HomePage.java:78)
at testCases.HomePageTestCases.testSecondProduct(HomePageTestCases.java:119)
at java.base/jdk.internal.reflect.NativeMethodAccessorImpl.invoke0(Native Method)
at java.base/jdk.internal.reflect.NativeMethodAccessorImpl.invoke(NativeMethodAccessorImpl.java:77)
at java.base/jdk.internal.reflect.DelegatingMethodAccessorImpl.invoke(DelegatingMethodAccessorImpl.java:43)
at java.base/java.lang.reflect.Method.invoke(Method.java:568)
at org.testng.internal.invokers.MethodInvocationHelper.invokeMethod(MethodInvocationHelper.java:141)
at org.testng.internal.invokers.TestInvoker.invokeMethod(TestInvoker.java:686)
at org.testng.internal.invokers.TestInvoker.invokeTestMethod(TestInvoker.java:230)
at org.testng.internal.invokers.MethodRunner.runInSequence(MethodRunner.java:63)
at org.testng.internal.invokers.TestInvoker$MethodInvocationAgent.invoke(TestInvoker.java:992)
at org.testng.internal.invokers.TestInvoker.invokeTestMethods(TestInvoker.java:203)
at org.testng.internal.invokers.TestMethodWorker.invokeTestMethods(TestMethodWorker.java:154)
at org.testng.internal.invokers.TestMethodWorker.run(TestMethodWorker.java:134)
at java.base/java.util.ArrayList.forEach(ArrayList.java:1511)
at org.testng.TestRunner.privateRun(TestRunner.java:739)
at org.testng.TestRunner.run(TestRunner.java:614)
at org.testng.SuiteRunner.runTest(SuiteRunner.java:421)
at org.testng.SuiteRunner.runSequentially(SuiteRunner.java:413)
at org.testng.SuiteRunner.privateRun(SuiteRunner.java:373)
at org.testng.SuiteRunner.run(SuiteRunner.java:312)
at org.testng.SuiteRunnerWorker.runSuite(SuiteRunnerWorker.java:52)
at org.testng.SuiteRunnerWorker.run(SuiteRunnerWorker.java:95)
at org.testng.TestNG.runSuitesSequentially(TestNG.java:1274)
at org.testng.TestNG.runSuitesLocally(TestNG.java:1208)
at org.testng.TestNG.runSuites(TestNG.java:1112)
at org.testng.TestNG.run(TestNG.java:1079)
at org.testng.remote.AbstractRemoteTestNG.run(AbstractRemoteTestNG.java:115)
at org.testng.remote.RemoteTestNG.initAndRun(RemoteTestNG.java:293)
at org.testng.remote.RemoteTestNG.main(RemoteTestNG.java:91)
]]>
    </failure>
  </testcase> <!-- testSecondProduct -->
  <testcase classname="testCases.HomePageTestCases" name="testFirstProduct" time="7.932"/>
  <testcase classname="testCases.HomePageTestCases" name="testThirdProduct" time="7.364"/>
  <testcase classname="testCases.HomePageTestCases" name="testExplorePages" time="22.405"/>
  <testcase classname="testCases.HomePageTestCases" name="testNavbarCoordinates" time="19.570"/>
  <testcase classname="testCases.HomePageTestCases" name="testAddToCart" time="20.504"/>
</testsuite> <!-- testCases.HomePageTestCases -->
